[debug] [2025-11-27T06:39:18.934Z] ----------------------------------------------------------------------
[debug] [2025-11-27T06:39:18.937Z] Command:       /opt/homebrew/Cellar/node/25.2.1/bin/node /opt/homebrew/bin/firebase emulators:start --only functions
[debug] [2025-11-27T06:39:18.937Z] CLI Version:   14.26.0
[debug] [2025-11-27T06:39:18.937Z] Platform:      darwin
[debug] [2025-11-27T06:39:18.937Z] Node Version:  v25.2.1
[debug] [2025-11-27T06:39:18.937Z] Time:          Thu Nov 27 2025 15:39:18 GMT+0900 (한국 표준시)
[debug] [2025-11-27T06:39:18.942Z] ----------------------------------------------------------------------
[debug] 
[debug] [2025-11-27T06:39:19.030Z] > command requires scopes: ["email","openid","https://www.googleapis.com/auth/cloudplatformprojects.readonly","https://www.googleapis.com/auth/firebase","https://www.googleapis.com/auth/cloud-platform"]
[debug] Failed to authenticate, have you run firebase login?
[warn] ⚠  emulators: You are not currently authenticated so some features may not work correctly. Please run firebase login to authenticate the CLI. 
[info] i  emulators: Starting emulators: functions {"metadata":{"emulator":{"name":"hub"},"message":"Starting emulators: functions"}}
[debug] [2025-11-27T06:39:19.173Z] [logging] Logging Emulator only supports listening on one address (127.0.0.1). Not listening on ::1
[debug] [2025-11-27T06:39:19.173Z] assigned listening specs for emulators {"user":{"hub":[{"address":"127.0.0.1","family":"IPv4","port":4400},{"address":"::1","family":"IPv6","port":4400}],"ui":[{"address":"127.0.0.1","family":"IPv4","port":4000},{"address":"::1","family":"IPv6","port":4000}],"logging":[{"address":"127.0.0.1","family":"IPv4","port":4500}]},"metadata":{"message":"assigned listening specs for emulators"}}
[debug] [2025-11-27T06:39:19.175Z] Emulator locator file path: /var/folders/yy/_061l71j3xb3mw44dldrpffc0000gn/T/hub-english-reading-habit-builder.json
[debug] [2025-11-27T06:39:19.175Z] [hub] writing locator at /var/folders/yy/_061l71j3xb3mw44dldrpffc0000gn/T/hub-english-reading-habit-builder.json
[debug] [2025-11-27T06:39:19.280Z] [functions] Functions Emulator only supports listening on one address (127.0.0.1). Not listening on ::1
[debug] [2025-11-27T06:39:19.280Z] [eventarc] Eventarc Emulator only supports listening on one address (127.0.0.1). Not listening on ::1
[debug] [2025-11-27T06:39:19.280Z] [tasks] Cloud Tasks Emulator only supports listening on one address (127.0.0.1). Not listening on ::1
[debug] [2025-11-27T06:39:19.280Z] late-assigned ports for functions and eventarc emulators {"user":{"hub":[{"address":"127.0.0.1","family":"IPv4","port":4400},{"address":"::1","family":"IPv6","port":4400}],"ui":[{"address":"127.0.0.1","family":"IPv4","port":4000},{"address":"::1","family":"IPv6","port":4000}],"logging":[{"address":"127.0.0.1","family":"IPv4","port":4500}],"functions":[{"address":"127.0.0.1","family":"IPv4","port":5001}],"eventarc":[{"address":"127.0.0.1","family":"IPv4","port":9299}],"tasks":[{"address":"127.0.0.1","family":"IPv4","port":9499}]},"metadata":{"message":"late-assigned ports for functions and eventarc emulators"}}
[warn] ⚠  functions: The following emulators are not running, calls to these services from the Functions emulator will affect production: apphosting, auth, firestore, database, hosting, pubsub, storage, dataconnect {"metadata":{"emulator":{"name":"functions"},"message":"The following emulators are not running, calls to these services from the Functions emulator will affect production: \u001b[1mapphosting, auth, firestore, database, hosting, pubsub, storage, dataconnect\u001b[22m"}}
[debug] [2025-11-27T06:39:19.280Z] No OAuth tokens found
[debug] [2025-11-27T06:39:19.281Z] No OAuth tokens found
[debug] [2025-11-27T06:39:19.281Z] > command requires scopes: ["email","openid","https://www.googleapis.com/auth/cloudplatformprojects.readonly","https://www.googleapis.com/auth/firebase","https://www.googleapis.com/auth/cloud-platform"]
[debug] [2025-11-27T06:39:19.281Z] Failed to get Admin SDK config for english-reading-habit-builder, falling back to cache Failed to get Admin SDK for Firebase project english-reading-habit-builder. Please make sure the project exists and your account has permission to access it. {"name":"FirebaseError","children":[],"exit":2,"message":"Failed to get Admin SDK for Firebase project english-reading-habit-builder. Please make sure the project exists and your account has permission to access it.","original":{"name":"FirebaseError","children":[],"exit":1,"message":"Failed to authenticate, have you run \u001b[1mfirebase login\u001b[22m?","original":{},"status":500},"status":500}
[warn] ⚠  functions: Unable to fetch project Admin SDK configuration, Admin SDK behavior in Cloud Functions emulator may be incorrect. {"metadata":{"emulator":{"name":"functions"},"message":"Unable to fetch project Admin SDK configuration, Admin SDK behavior in Cloud Functions emulator may be incorrect."}}
[info] i  functions: Watching "/Users/minhyomin/Data_Analysis_Project/app-dev/english-learning-app/functions" for Cloud Functions... {"metadata":{"emulator":{"name":"functions"},"message":"Watching \"/Users/minhyomin/Data_Analysis_Project/app-dev/english-learning-app/functions\" for Cloud Functions..."}}
[debug] [2025-11-27T06:39:19.287Z] Validating nodejs source
[warn] ⚠  functions: package.json indicates an outdated version of firebase-functions. Please upgrade using npm install --save firebase-functions@latest in your functions directory. 
[warn] ⚠  functions: Please note that there will be breaking changes when you upgrade. 
[debug] [2025-11-27T06:39:19.818Z] > [functions] package.json contents: {
  "name": "functions",
  "private": true,
  "main": "lib/index.js",
  "scripts": {
    "build": "tsc",
    "watch": "tsc -w",
    "serve": "firebase emulators:start --only functions",
    "deploy": "firebase deploy --only functions"
  },
  "engines": {
    "node": ">=20"
  },
  "dependencies": {
    "firebase-admin": "^12.0.0",
    "firebase-functions": "^5.0.0"
  },
  "devDependencies": {
    "@types/node": "^22.0.0",
    "typescript": "^5.6.0"
  }
}
[debug] [2025-11-27T06:39:19.818Z] Building nodejs source
[debug] [2025-11-27T06:39:19.818Z] Failed to find version of module node: reached end of search path /Users/minhyomin/Data_Analysis_Project/app-dev/english-learning-app/functions/node_modules
[warn] ⚠  functions: Your requested "node" version "20" doesn't match your global version "25". Using node@25 from host. 
[debug] [2025-11-27T06:39:19.819Z] Could not find functions.yaml. Must use http discovery
[debug] [2025-11-27T06:39:19.822Z] Found firebase-functions binary at '/Users/minhyomin/Data_Analysis_Project/app-dev/english-learning-app/functions/node_modules/.bin/firebase-functions'
[info] Serving at port 8596

[debug] [2025-11-27T06:39:20.043Z] Got response from /__/functions.yaml {"endpoints":{"api":{"availableMemoryMb":null,"timeoutSeconds":null,"minInstances":null,"maxInstances":null,"ingressSettings":null,"concurrency":null,"serviceAccountEmail":null,"vpc":null,"platform":"gcfv2","labels":{},"httpsTrigger":{},"entryPoint":"api"}},"specVersion":"v1alpha1","requiredAPIs":[],"extensions":{}}
[info] ✔  functions: Loaded functions definitions from source: api. {"metadata":{"emulator":{"name":"functions"},"message":"Loaded functions definitions from source: api."}}
[info] ✔  functions[us-central1-api]: http function initialized (http://127.0.0.1:5001/english-reading-habit-builder/us-central1/api). {"metadata":{"emulator":{"name":"functions"},"message":"\u001b[1mhttp\u001b[22m function initialized (http://127.0.0.1:5001/english-reading-habit-builder/us-central1/api)."}}
[debug] [2025-11-27T06:39:24.077Z] Could not find VSCode notification endpoint: FetchError: request to http://localhost:40001/vscode/notify failed, reason: . If you are not running the Firebase Data Connect VSCode extension, this is expected and not an issue.
[info] 
┌─────────────────────────────────────────────────────────────┐
│ ✔  All emulators ready! It is now safe to connect your app. │
│ i  View Emulator UI at http://127.0.0.1:4000/               │
└─────────────────────────────────────────────────────────────┘

┌───────────┬────────────────┬─────────────────────────────────┐
│ Emulator  │ Host:Port      │ View in Emulator UI             │
├───────────┼────────────────┼─────────────────────────────────┤
│ Functions │ 127.0.0.1:5001 │ http://127.0.0.1:4000/functions │
└───────────┴────────────────┴─────────────────────────────────┘
  Emulator Hub host: 127.0.0.1 port: 4400
  Other reserved ports: 4500

Issues? Report them at https://github.com/firebase/firebase-tools/issues and attach the *-debug.log files.
 
[debug] [2025-11-27T06:39:40.007Z] [work-queue] {"queuedWork":["/english-reading-habit-builder/us-central1/api-2025-11-27T06:39:40.006Z"],"queueLength":1,"runningWork":[],"workRunningCount":0}
[debug] [2025-11-27T06:39:40.009Z] [work-queue] {"queuedWork":[],"queueLength":0,"runningWork":["/english-reading-habit-builder/us-central1/api-2025-11-27T06:39:40.006Z"],"workRunningCount":1}
[debug] [2025-11-27T06:39:40.011Z] Accepted request GET /english-reading-habit-builder/us-central1/api --> us-central1-api
[debug] [2025-11-27T06:39:40.012Z] [functions] Runtime ready! Sending request! {"metadata":{"emulator":{"name":"functions"},"message":"[functions] Runtime ready! Sending request!"}}
[debug] [2025-11-27T06:39:40.013Z] [functions] Got req.url=/english-reading-habit-builder/us-central1/api, mapping to path=/ {"metadata":{"emulator":{"name":"functions"},"message":"[functions] Got req.url=/english-reading-habit-builder/us-central1/api, mapping to path=/"}}
[debug] [2025-11-27T06:39:40.020Z] [worker-pool] addWorker(us-central1-api) {"metadata":{"emulator":{"name":"functions"},"message":"[worker-pool] addWorker(us-central1-api)"}}
[debug] [2025-11-27T06:39:40.021Z] [worker-pool] Adding worker with key us-central1-api, total=1 {"metadata":{"emulator":{"name":"functions"},"message":"[worker-pool] Adding worker with key us-central1-api, total=1"}}
[debug] [2025-11-27T06:39:40.543Z] [runtime-status] [24623] Resolved module firebase-admin {"declared":true,"installed":true,"version":"12.7.0","resolution":"/Users/minhyomin/Data_Analysis_Project/app-dev/english-learning-app/functions/node_modules/firebase-admin/lib/index.js"} {"metadata":{"emulator":{"name":"functions"},"function":{"name":"us-central1-api"},"extension":{},"message":"[runtime-status] [24623] Resolved module firebase-admin {\"declared\":true,\"installed\":true,\"version\":\"12.7.0\",\"resolution\":\"/Users/minhyomin/Data_Analysis_Project/app-dev/english-learning-app/functions/node_modules/firebase-admin/lib/index.js\"}"}}
[debug] [2025-11-27T06:39:40.543Z] [runtime-status] [24623] Resolved module firebase-functions {"declared":true,"installed":true,"version":"5.1.1","resolution":"/Users/minhyomin/Data_Analysis_Project/app-dev/english-learning-app/functions/node_modules/firebase-functions/lib/v1/index.js"} {"metadata":{"emulator":{"name":"functions"},"function":{"name":"us-central1-api"},"extension":{},"message":"[runtime-status] [24623] Resolved module firebase-functions {\"declared\":true,\"installed\":true,\"version\":\"5.1.1\",\"resolution\":\"/Users/minhyomin/Data_Analysis_Project/app-dev/english-learning-app/functions/node_modules/firebase-functions/lib/v1/index.js\"}"}}
[debug] [2025-11-27T06:39:40.543Z] [runtime-status] [24623] Outgoing network have been stubbed. [{"name":"http","status":"mocked"},{"name":"http","status":"mocked"},{"name":"https","status":"mocked"},{"name":"https","status":"mocked"},{"name":"net","status":"mocked"}] {"metadata":{"emulator":{"name":"functions"},"function":{"name":"us-central1-api"},"extension":{},"message":"[runtime-status] [24623] Outgoing network have been stubbed. [{\"name\":\"http\",\"status\":\"mocked\"},{\"name\":\"http\",\"status\":\"mocked\"},{\"name\":\"https\",\"status\":\"mocked\"},{\"name\":\"https\",\"status\":\"mocked\"},{\"name\":\"net\",\"status\":\"mocked\"}]"}}
[debug] [2025-11-27T06:39:40.544Z] [runtime-status] [24623] Resolved module firebase-functions {"declared":true,"installed":true,"version":"5.1.1","resolution":"/Users/minhyomin/Data_Analysis_Project/app-dev/english-learning-app/functions/node_modules/firebase-functions/lib/v1/index.js"} {"metadata":{"emulator":{"name":"functions"},"function":{"name":"us-central1-api"},"extension":{},"message":"[runtime-status] [24623] Resolved module firebase-functions {\"declared\":true,\"installed\":true,\"version\":\"5.1.1\",\"resolution\":\"/Users/minhyomin/Data_Analysis_Project/app-dev/english-learning-app/functions/node_modules/firebase-functions/lib/v1/index.js\"}"}}
[debug] [2025-11-27T06:39:40.708Z] [runtime-status] [24623] Checked functions.config() {"config":{}} {"metadata":{"emulator":{"name":"functions"},"function":{"name":"us-central1-api"},"extension":{},"message":"[runtime-status] [24623] Checked functions.config() {\"config\":{}}"}}
[debug] [2025-11-27T06:39:40.709Z] [runtime-status] [24623] firebase-functions has been stubbed. {"functionsResolution":{"declared":true,"installed":true,"version":"5.1.1","resolution":"/Users/minhyomin/Data_Analysis_Project/app-dev/english-learning-app/functions/node_modules/firebase-functions/lib/v1/index.js"}} {"metadata":{"emulator":{"name":"functions"},"function":{"name":"us-central1-api"},"extension":{},"message":"[runtime-status] [24623] firebase-functions has been stubbed. {\"functionsResolution\":{\"declared\":true,\"installed\":true,\"version\":\"5.1.1\",\"resolution\":\"/Users/minhyomin/Data_Analysis_Project/app-dev/english-learning-app/functions/node_modules/firebase-functions/lib/v1/index.js\"}}"}}
[debug] [2025-11-27T06:39:40.709Z] [runtime-status] [24623] Resolved module firebase-functions {"declared":true,"installed":true,"version":"5.1.1","resolution":"/Users/minhyomin/Data_Analysis_Project/app-dev/english-learning-app/functions/node_modules/firebase-functions/lib/v1/index.js"} {"metadata":{"emulator":{"name":"functions"},"function":{"name":"us-central1-api"},"extension":{},"message":"[runtime-status] [24623] Resolved module firebase-functions {\"declared\":true,\"installed\":true,\"version\":\"5.1.1\",\"resolution\":\"/Users/minhyomin/Data_Analysis_Project/app-dev/english-learning-app/functions/node_modules/firebase-functions/lib/v1/index.js\"}"}}
[debug] [2025-11-27T06:39:40.709Z] [runtime-status] [24623] Resolved module firebase-admin {"declared":true,"installed":true,"version":"12.7.0","resolution":"/Users/minhyomin/Data_Analysis_Project/app-dev/english-learning-app/functions/node_modules/firebase-admin/lib/index.js"} {"metadata":{"emulator":{"name":"functions"},"function":{"name":"us-central1-api"},"extension":{},"message":"[runtime-status] [24623] Resolved module firebase-admin {\"declared\":true,\"installed\":true,\"version\":\"12.7.0\",\"resolution\":\"/Users/minhyomin/Data_Analysis_Project/app-dev/english-learning-app/functions/node_modules/firebase-admin/lib/index.js\"}"}}
[debug] [2025-11-27T06:39:40.710Z] [runtime-status] [24623] Resolved module firebase-functions {"declared":true,"installed":true,"version":"5.1.1","resolution":"/Users/minhyomin/Data_Analysis_Project/app-dev/english-learning-app/functions/node_modules/firebase-functions/lib/v1/index.js"} {"metadata":{"emulator":{"name":"functions"},"function":{"name":"us-central1-api"},"extension":{},"message":"[runtime-status] [24623] Resolved module firebase-functions {\"declared\":true,\"installed\":true,\"version\":\"5.1.1\",\"resolution\":\"/Users/minhyomin/Data_Analysis_Project/app-dev/english-learning-app/functions/node_modules/firebase-functions/lib/v1/index.js\"}"}}
[debug] [2025-11-27T06:39:40.710Z] [runtime-status] [24623] firebase-admin has been stubbed. {"adminResolution":{"declared":true,"installed":true,"version":"12.7.0","resolution":"/Users/minhyomin/Data_Analysis_Project/app-dev/english-learning-app/functions/node_modules/firebase-admin/lib/index.js"}} {"metadata":{"emulator":{"name":"functions"},"function":{"name":"us-central1-api"},"extension":{},"message":"[runtime-status] [24623] firebase-admin has been stubbed. {\"adminResolution\":{\"declared\":true,\"installed\":true,\"version\":\"12.7.0\",\"resolution\":\"/Users/minhyomin/Data_Analysis_Project/app-dev/english-learning-app/functions/node_modules/firebase-admin/lib/index.js\"}}"}}
[debug] [2025-11-27T06:39:40.713Z] [runtime-status] [24623] Functions runtime initialized. {"cwd":"/Users/minhyomin/Data_Analysis_Project/app-dev/english-learning-app/functions","node_version":"25.2.1"} {"metadata":{"emulator":{"name":"functions"},"function":{"name":"us-central1-api"},"extension":{},"message":"[runtime-status] [24623] Functions runtime initialized. {\"cwd\":\"/Users/minhyomin/Data_Analysis_Project/app-dev/english-learning-app/functions\",\"node_version\":\"25.2.1\"}"}}
[debug] [2025-11-27T06:39:40.713Z] [runtime-status] [24623] Listening to port: /var/folders/yy/_061l71j3xb3mw44dldrpffc0000gn/T/fire_emu_10cb1075715ba6d0.sock {"metadata":{"emulator":{"name":"functions"},"function":{"name":"us-central1-api"},"extension":{},"message":"[runtime-status] [24623] Listening to port: /var/folders/yy/_061l71j3xb3mw44dldrpffc0000gn/T/fire_emu_10cb1075715ba6d0.sock"}}
[debug] [2025-11-27T06:39:40.739Z] [worker-us-central1-api-e3e5c7c7-9bd0-4699-8a25-eaf01c0fb82f]: IDLE {"metadata":{"emulator":{"name":"functions"},"function":{"name":"us-central1-api"},"extension":{},"message":"[worker-us-central1-api-e3e5c7c7-9bd0-4699-8a25-eaf01c0fb82f]: IDLE"}}
[debug] [2025-11-27T06:39:40.739Z] [worker-pool] submitRequest(triggerId=us-central1-api) {"metadata":{"emulator":{"name":"functions"},"message":"[worker-pool] submitRequest(triggerId=us-central1-api)"}}
[info] i  functions: Beginning execution of "us-central1-api" {"metadata":{"emulator":{"name":"functions"},"function":{"name":"us-central1-api"},"extension":{},"message":"Beginning execution of \"us-central1-api\""}}
[debug] [2025-11-27T06:39:40.740Z] [worker-us-central1-api-e3e5c7c7-9bd0-4699-8a25-eaf01c0fb82f]: BUSY {"metadata":{"emulator":{"name":"functions"},"function":{"name":"us-central1-api"},"extension":{},"message":"[worker-us-central1-api-e3e5c7c7-9bd0-4699-8a25-eaf01c0fb82f]: BUSY"}}
[info] >  {"method":"GET","path":"/","query":{},"severity":"INFO","message":"Request received at /api"} {"user":{"method":"GET","path":"/","query":{},"severity":"INFO","message":"Request received at /api"},"metadata":{"emulator":{"name":"functions"},"function":{"name":"us-central1-api"},"extension":{},"message":"\u001b[90m> \u001b[39m {\"method\":\"GET\",\"path\":\"/\",\"query\":{},\"severity\":\"INFO\",\"message\":\"Request received at /api\"}"}}
[debug] [2025-11-27T06:39:40.743Z] Finishing up request with event=pause {"metadata":{"emulator":{"name":"functions"},"function":{"name":"us-central1-api"},"extension":{},"message":"Finishing up request with event=pause"}}
[info] i  functions: Finished "us-central1-api" in 3.128875ms {"metadata":{"emulator":{"name":"functions"},"function":{"name":"us-central1-api"},"extension":{},"message":"Finished \"us-central1-api\" in 3.128875ms"}}
[debug] [2025-11-27T06:39:40.743Z] [worker-us-central1-api-e3e5c7c7-9bd0-4699-8a25-eaf01c0fb82f]: IDLE {"metadata":{"emulator":{"name":"functions"},"function":{"name":"us-central1-api"},"extension":{},"message":"[worker-us-central1-api-e3e5c7c7-9bd0-4699-8a25-eaf01c0fb82f]: IDLE"}}
[debug] [2025-11-27T06:39:40.743Z] Finishing up request with event=finish {"metadata":{"emulator":{"name":"functions"},"function":{"name":"us-central1-api"},"extension":{},"message":"Finishing up request with event=finish"}}
[debug] [2025-11-27T06:39:40.743Z] Finishing up request with event=close {"metadata":{"emulator":{"name":"functions"},"function":{"name":"us-central1-api"},"extension":{},"message":"Finishing up request with event=close"}}
[debug] [2025-11-27T06:39:40.743Z] [work-queue] {"queuedWork":[],"queueLength":0,"runningWork":[],"workRunningCount":0}
[debug] [2025-11-27T06:39:40.990Z] Functions emulator received unknown request at path /favicon.ico
[debug] [2025-11-27T06:39:53.437Z] [work-queue] {"queuedWork":["/english-reading-habit-builder/us-central1/api/books-2025-11-27T06:39:53.437Z"],"queueLength":1,"runningWork":[],"workRunningCount":0}
[debug] [2025-11-27T06:39:53.438Z] [work-queue] {"queuedWork":[],"queueLength":0,"runningWork":["/english-reading-habit-builder/us-central1/api/books-2025-11-27T06:39:53.437Z"],"workRunningCount":1}
[debug] [2025-11-27T06:39:53.438Z] Accepted request GET /english-reading-habit-builder/us-central1/api/books --> us-central1-api
[debug] [2025-11-27T06:39:53.439Z] [functions] Runtime ready! Sending request! {"metadata":{"emulator":{"name":"functions"},"message":"[functions] Runtime ready! Sending request!"}}
[debug] [2025-11-27T06:39:53.440Z] [functions] Got req.url=/english-reading-habit-builder/us-central1/api/books, mapping to path=/books {"metadata":{"emulator":{"name":"functions"},"message":"[functions] Got req.url=/english-reading-habit-builder/us-central1/api/books, mapping to path=/books"}}
[debug] [2025-11-27T06:39:53.440Z] [worker-pool] submitRequest(triggerId=us-central1-api) {"metadata":{"emulator":{"name":"functions"},"message":"[worker-pool] submitRequest(triggerId=us-central1-api)"}}
[info] i  functions: Beginning execution of "us-central1-api" {"metadata":{"emulator":{"name":"functions"},"function":{"name":"us-central1-api"},"extension":{},"message":"Beginning execution of \"us-central1-api\""}}
[debug] [2025-11-27T06:39:53.441Z] [worker-us-central1-api-e3e5c7c7-9bd0-4699-8a25-eaf01c0fb82f]: BUSY {"metadata":{"emulator":{"name":"functions"},"function":{"name":"us-central1-api"},"extension":{},"message":"[worker-us-central1-api-e3e5c7c7-9bd0-4699-8a25-eaf01c0fb82f]: BUSY"}}
[info] >  {"method":"GET","path":"/books","query":{},"severity":"INFO","message":"Request received at /api"} {"user":{"method":"GET","path":"/books","query":{},"severity":"INFO","message":"Request received at /api"},"metadata":{"emulator":{"name":"functions"},"function":{"name":"us-central1-api"},"extension":{},"message":"\u001b[90m> \u001b[39m {\"method\":\"GET\",\"path\":\"/books\",\"query\":{},\"severity\":\"INFO\",\"message\":\"Request received at /api\"}"}}
[debug] [2025-11-27T06:39:53.456Z] Finishing up request with event=pause {"metadata":{"emulator":{"name":"functions"},"function":{"name":"us-central1-api"},"extension":{},"message":"Finishing up request with event=pause"}}
[info] i  functions: Finished "us-central1-api" in 14.701209ms {"metadata":{"emulator":{"name":"functions"},"function":{"name":"us-central1-api"},"extension":{},"message":"Finished \"us-central1-api\" in 14.701209ms"}}
[debug] [2025-11-27T06:39:53.456Z] [worker-us-central1-api-e3e5c7c7-9bd0-4699-8a25-eaf01c0fb82f]: IDLE {"metadata":{"emulator":{"name":"functions"},"function":{"name":"us-central1-api"},"extension":{},"message":"[worker-us-central1-api-e3e5c7c7-9bd0-4699-8a25-eaf01c0fb82f]: IDLE"}}
[debug] [2025-11-27T06:39:53.457Z] Finishing up request with event=finish {"metadata":{"emulator":{"name":"functions"},"function":{"name":"us-central1-api"},"extension":{},"message":"Finishing up request with event=finish"}}
[debug] [2025-11-27T06:39:53.457Z] Finishing up request with event=close {"metadata":{"emulator":{"name":"functions"},"function":{"name":"us-central1-api"},"extension":{},"message":"Finishing up request with event=close"}}
[debug] [2025-11-27T06:39:53.457Z] [work-queue] {"queuedWork":[],"queueLength":0,"runningWork":[],"workRunningCount":0}
[debug] [2025-11-27T06:40:01.529Z] [work-queue] {"queuedWork":["/english-reading-habit-builder/us-central1/api/books/little-women/chapters-2025-11-27T06:40:01.529Z"],"queueLength":1,"runningWork":[],"workRunningCount":0}
[debug] [2025-11-27T06:40:01.531Z] [work-queue] {"queuedWork":[],"queueLength":0,"runningWork":["/english-reading-habit-builder/us-central1/api/books/little-women/chapters-2025-11-27T06:40:01.529Z"],"workRunningCount":1}
[debug] [2025-11-27T06:40:01.531Z] Accepted request GET /english-reading-habit-builder/us-central1/api/books/little-women/chapters --> us-central1-api
[debug] [2025-11-27T06:40:01.532Z] [functions] Runtime ready! Sending request! {"metadata":{"emulator":{"name":"functions"},"message":"[functions] Runtime ready! Sending request!"}}
[debug] [2025-11-27T06:40:01.533Z] [functions] Got req.url=/english-reading-habit-builder/us-central1/api/books/little-women/chapters, mapping to path=/books/little-women/chapters {"metadata":{"emulator":{"name":"functions"},"message":"[functions] Got req.url=/english-reading-habit-builder/us-central1/api/books/little-women/chapters, mapping to path=/books/little-women/chapters"}}
[debug] [2025-11-27T06:40:01.533Z] [worker-pool] submitRequest(triggerId=us-central1-api) {"metadata":{"emulator":{"name":"functions"},"message":"[worker-pool] submitRequest(triggerId=us-central1-api)"}}
[info] i  functions: Beginning execution of "us-central1-api" {"metadata":{"emulator":{"name":"functions"},"function":{"name":"us-central1-api"},"extension":{},"message":"Beginning execution of \"us-central1-api\""}}
[debug] [2025-11-27T06:40:01.534Z] [worker-us-central1-api-e3e5c7c7-9bd0-4699-8a25-eaf01c0fb82f]: BUSY {"metadata":{"emulator":{"name":"functions"},"function":{"name":"us-central1-api"},"extension":{},"message":"[worker-us-central1-api-e3e5c7c7-9bd0-4699-8a25-eaf01c0fb82f]: BUSY"}}
[info] >  {"method":"GET","path":"/books/little-women/chapters","query":{},"severity":"INFO","message":"Request received at /api"} {"user":{"method":"GET","path":"/books/little-women/chapters","query":{},"severity":"INFO","message":"Request received at /api"},"metadata":{"emulator":{"name":"functions"},"function":{"name":"us-central1-api"},"extension":{},"message":"\u001b[90m> \u001b[39m {\"method\":\"GET\",\"path\":\"/books/little-women/chapters\",\"query\":{},\"severity\":\"INFO\",\"message\":\"Request received at /api\"}"}}
[debug] [2025-11-27T06:40:01.550Z] Finishing up request with event=pause {"metadata":{"emulator":{"name":"functions"},"function":{"name":"us-central1-api"},"extension":{},"message":"Finishing up request with event=pause"}}
[info] i  functions: Finished "us-central1-api" in 16.054333ms {"metadata":{"emulator":{"name":"functions"},"function":{"name":"us-central1-api"},"extension":{},"message":"Finished \"us-central1-api\" in 16.054333ms"}}
[debug] [2025-11-27T06:40:01.550Z] [worker-us-central1-api-e3e5c7c7-9bd0-4699-8a25-eaf01c0fb82f]: IDLE {"metadata":{"emulator":{"name":"functions"},"function":{"name":"us-central1-api"},"extension":{},"message":"[worker-us-central1-api-e3e5c7c7-9bd0-4699-8a25-eaf01c0fb82f]: IDLE"}}
[debug] [2025-11-27T06:40:01.550Z] Finishing up request with event=finish {"metadata":{"emulator":{"name":"functions"},"function":{"name":"us-central1-api"},"extension":{},"message":"Finishing up request with event=finish"}}
[debug] [2025-11-27T06:40:01.550Z] Finishing up request with event=close {"metadata":{"emulator":{"name":"functions"},"function":{"name":"us-central1-api"},"extension":{},"message":"Finishing up request with event=close"}}
[debug] [2025-11-27T06:40:01.550Z] [work-queue] {"queuedWork":[],"queueLength":0,"runningWork":[],"workRunningCount":0}
[debug] [2025-11-27T06:40:10.485Z] [work-queue] {"queuedWork":["/english-reading-habit-builder/us-central1/api/reading-plan-2025-11-27T06:40:10.485Z"],"queueLength":1,"runningWork":[],"workRunningCount":0}
[debug] [2025-11-27T06:40:10.489Z] [work-queue] {"queuedWork":[],"queueLength":0,"runningWork":["/english-reading-habit-builder/us-central1/api/reading-plan-2025-11-27T06:40:10.485Z"],"workRunningCount":1}
[debug] [2025-11-27T06:40:10.489Z] Accepted request GET /english-reading-habit-builder/us-central1/api/reading-plan?bookId=little-women&sessionsPerWeek=3 --> us-central1-api
[debug] [2025-11-27T06:40:10.491Z] [functions] Runtime ready! Sending request! {"metadata":{"emulator":{"name":"functions"},"message":"[functions] Runtime ready! Sending request!"}}
[debug] [2025-11-27T06:40:10.491Z] [functions] Got req.url=/english-reading-habit-builder/us-central1/api/reading-plan?bookId=little-women&sessionsPerWeek=3, mapping to path=/reading-plan?bookId=little-women&sessionsPerWeek=3 {"metadata":{"emulator":{"name":"functions"},"message":"[functions] Got req.url=/english-reading-habit-builder/us-central1/api/reading-plan?bookId=little-women&sessionsPerWeek=3, mapping to path=/reading-plan?bookId=little-women&sessionsPerWeek=3"}}
[debug] [2025-11-27T06:40:10.492Z] [worker-pool] submitRequest(triggerId=us-central1-api) {"metadata":{"emulator":{"name":"functions"},"message":"[worker-pool] submitRequest(triggerId=us-central1-api)"}}
[info] i  functions: Beginning execution of "us-central1-api" {"metadata":{"emulator":{"name":"functions"},"function":{"name":"us-central1-api"},"extension":{},"message":"Beginning execution of \"us-central1-api\""}}
[debug] [2025-11-27T06:40:10.493Z] [worker-us-central1-api-e3e5c7c7-9bd0-4699-8a25-eaf01c0fb82f]: BUSY {"metadata":{"emulator":{"name":"functions"},"function":{"name":"us-central1-api"},"extension":{},"message":"[worker-us-central1-api-e3e5c7c7-9bd0-4699-8a25-eaf01c0fb82f]: BUSY"}}
[info] >  {"method":"GET","path":"/reading-plan","query":{"bookId":"little-women","sessionsPerWeek":"3"},"severity":"INFO","message":"Request received at /api"} {"user":{"method":"GET","path":"/reading-plan","query":{"bookId":"little-women","sessionsPerWeek":"3"},"severity":"INFO","message":"Request received at /api"},"metadata":{"emulator":{"name":"functions"},"function":{"name":"us-central1-api"},"extension":{},"message":"\u001b[90m> \u001b[39m {\"method\":\"GET\",\"path\":\"/reading-plan\",\"query\":{\"bookId\":\"little-women\",\"sessionsPerWeek\":\"3\"},\"severity\":\"INFO\",\"message\":\"Request received at /api\"}"}}
[debug] [2025-11-27T06:40:10.505Z] Finishing up request with event=pause {"metadata":{"emulator":{"name":"functions"},"function":{"name":"us-central1-api"},"extension":{},"message":"Finishing up request with event=pause"}}
[info] i  functions: Finished "us-central1-api" in 12.899334ms {"metadata":{"emulator":{"name":"functions"},"function":{"name":"us-central1-api"},"extension":{},"message":"Finished \"us-central1-api\" in 12.899334ms"}}
[debug] [2025-11-27T06:40:10.506Z] [worker-us-central1-api-e3e5c7c7-9bd0-4699-8a25-eaf01c0fb82f]: IDLE {"metadata":{"emulator":{"name":"functions"},"function":{"name":"us-central1-api"},"extension":{},"message":"[worker-us-central1-api-e3e5c7c7-9bd0-4699-8a25-eaf01c0fb82f]: IDLE"}}
[debug] [2025-11-27T06:40:10.506Z] Finishing up request with event=finish {"metadata":{"emulator":{"name":"functions"},"function":{"name":"us-central1-api"},"extension":{},"message":"Finishing up request with event=finish"}}
[debug] [2025-11-27T06:40:10.506Z] Finishing up request with event=close {"metadata":{"emulator":{"name":"functions"},"function":{"name":"us-central1-api"},"extension":{},"message":"Finishing up request with event=close"}}
[debug] [2025-11-27T06:40:10.506Z] [work-queue] {"queuedWork":[],"queueLength":0,"runningWork":[],"workRunningCount":0}
[debug] [2025-11-27T06:52:40.514Z] File /Users/minhyomin/Data_Analysis_Project/app-dev/english-learning-app/functions/src/index.ts changed, reloading triggers {"metadata":{"emulator":{"name":"functions"},"message":"File /Users/minhyomin/Data_Analysis_Project/app-dev/english-learning-app/functions/src/index.ts changed, reloading triggers"}}
[debug] [2025-11-27T06:52:41.548Z] Validating nodejs source
[warn] ⚠  functions: package.json indicates an outdated version of firebase-functions. Please upgrade using npm install --save firebase-functions@latest in your functions directory. 
[warn] ⚠  functions: Please note that there will be breaking changes when you upgrade. 
[debug] [2025-11-27T06:52:42.309Z] > [functions] package.json contents: {
  "name": "functions",
  "private": true,
  "main": "lib/index.js",
  "scripts": {
    "build": "tsc",
    "watch": "tsc -w",
    "serve": "firebase emulators:start --only functions",
    "deploy": "firebase deploy --only functions"
  },
  "engines": {
    "node": ">=20"
  },
  "dependencies": {
    "firebase-admin": "^12.0.0",
    "firebase-functions": "^5.0.0"
  },
  "devDependencies": {
    "@types/node": "^22.0.0",
    "typescript": "^5.6.0"
  }
}
[debug] [2025-11-27T06:52:42.309Z] Building nodejs source
[debug] [2025-11-27T06:52:42.309Z] Failed to find version of module node: reached end of search path /Users/minhyomin/Data_Analysis_Project/app-dev/english-learning-app/functions/node_modules
[warn] ⚠  functions: Your requested "node" version "20" doesn't match your global version "25". Using node@25 from host. 
[debug] [2025-11-27T06:52:42.313Z] Could not find functions.yaml. Must use http discovery
[debug] [2025-11-27T06:52:42.318Z] Found firebase-functions binary at '/Users/minhyomin/Data_Analysis_Project/app-dev/english-learning-app/functions/node_modules/.bin/firebase-functions'
[info] Serving at port 8990

[debug] [2025-11-27T06:52:42.625Z] Got response from /__/functions.yaml {"endpoints":{"api":{"availableMemoryMb":null,"timeoutSeconds":null,"minInstances":null,"maxInstances":null,"ingressSettings":null,"concurrency":null,"serviceAccountEmail":null,"vpc":null,"platform":"gcfv2","labels":{},"httpsTrigger":{},"entryPoint":"api"}},"specVersion":"v1alpha1","requiredAPIs":[],"extensions":{}}
[info] ✔  functions: Loaded functions definitions from source: api. {"metadata":{"emulator":{"name":"functions"},"message":"Loaded functions definitions from source: api."}}
[debug] [2025-11-27T06:52:46.648Z] [worker-pool] Shutting down IDLE worker (us-central1-api) {"metadata":{"emulator":{"name":"functions"},"message":"[worker-pool] Shutting down IDLE worker (us-central1-api)"}}
[debug] [2025-11-27T06:52:46.648Z] [worker-us-central1-api-e3e5c7c7-9bd0-4699-8a25-eaf01c0fb82f]: FINISHING {"metadata":{"emulator":{"name":"functions"},"function":{"name":"us-central1-api"},"extension":{},"message":"[worker-us-central1-api-e3e5c7c7-9bd0-4699-8a25-eaf01c0fb82f]: FINISHING"}}
[debug] [2025-11-27T06:52:46.653Z] [worker-us-central1-api-e3e5c7c7-9bd0-4699-8a25-eaf01c0fb82f]: exited {"metadata":{"emulator":{"name":"functions"},"function":{"name":"us-central1-api"},"extension":{},"message":"[worker-us-central1-api-e3e5c7c7-9bd0-4699-8a25-eaf01c0fb82f]: exited"}}
[debug] [2025-11-27T06:52:46.653Z] [worker-us-central1-api-e3e5c7c7-9bd0-4699-8a25-eaf01c0fb82f]: FINISHED {"metadata":{"emulator":{"name":"functions"},"function":{"name":"us-central1-api"},"extension":{},"message":"[worker-us-central1-api-e3e5c7c7-9bd0-4699-8a25-eaf01c0fb82f]: FINISHED"}}
